[ENTRY]
Date: 2025-11-24
Title: Quantum Operator Foundations
Category: Quantum Expansion
Author: Liam Zachary Davis
File: manifests/receipt_quantum_operators.txt
Status: Sovereign
Notes: Defined superposition, entanglement, decoherence operators; extended Harmony, Chaos, Flow modules to orchestrate quantum states.
[END]
[ENTRY]
Date: 2025-12-01
Title: Quantum Simulation Layer Integration
Category: Quantum Expansion
Author: Liam Zachary Davis
File: manifests/receipt_quantum_simulation.txt
Status: Sovereign
Notes: Integrated LucentTrinityOS+ with Qiskit and Cirq; certified simulation runs; prepared Docker deployment for Quantum Simulation-as-a-Service.
[END]
[ENTRY]
Date: 2025-11-24
Title: Cosmic Worship Alignment
Category: Faith Affinity
Author: Liam Zachary Davis
File: manifests/receipt_cosmic_worship.txt
Status: Sovereign
Notes: Declared alignment with creation’s worship; embedded hymn line 'If the stars were meant to worship so was I' into LucentTrinityOS+ lineage.
[END]
[ENTRY]
Date: 2025-11-24
Title: Lucent Dashboard Script
Category: Environment / Interactivity
Author: Liam Zachary Davis
File: manifests/manifest_lucent_dashboard.txt
Status: Sovereign
Notes: Interactive dashboard embedded into LucentTrinityOS+ repository for dynamic lineage management.
[END]
